2019-03-13 12:37:25,572 INFO o.a.j.u.JMeterUtils: Setting Locale to en_US
2019-03-13 12:37:25,590 INFO o.a.j.JMeter: Loading user properties from: C:\jmeter\apache-jmeter-5.1\bin\user.properties
2019-03-13 12:37:25,590 INFO o.a.j.JMeter: Loading system properties from: C:\jmeter\apache-jmeter-5.1\bin\system.properties
2019-03-13 12:37:25,595 INFO o.a.j.JMeter: Copyright (c) 1998-2019 The Apache Software Foundation
2019-03-13 12:37:25,595 INFO o.a.j.JMeter: Version 5.1 r1853635
2019-03-13 12:37:25,596 INFO o.a.j.JMeter: java.version=1.8.0_201
2019-03-13 12:37:25,596 INFO o.a.j.JMeter: java.vm.name=Java HotSpot(TM) Client VM
2019-03-13 12:37:25,596 INFO o.a.j.JMeter: os.name=Windows 10
2019-03-13 12:37:25,596 INFO o.a.j.JMeter: os.arch=x86
2019-03-13 12:37:25,597 INFO o.a.j.JMeter: os.version=10.0
2019-03-13 12:37:25,597 INFO o.a.j.JMeter: file.encoding=Cp1250
2019-03-13 12:37:25,597 INFO o.a.j.JMeter: java.awt.headless=null
2019-03-13 12:37:25,597 INFO o.a.j.JMeter: Max memory     =259522560
2019-03-13 12:37:25,597 INFO o.a.j.JMeter: Available Processors =4
2019-03-13 12:37:25,601 INFO o.a.j.JMeter: Default Locale=English (United States)
2019-03-13 12:37:25,601 INFO o.a.j.JMeter: JMeter  Locale=English (United States)
2019-03-13 12:37:25,601 INFO o.a.j.JMeter: JMeterHome=C:\jmeter\apache-jmeter-5.1
2019-03-13 12:37:25,601 INFO o.a.j.JMeter: user.dir  =c:\tcoeGITRepo\robotFramework\ExternalLibs
2019-03-13 12:37:25,602 INFO o.a.j.JMeter: PWD       =C:\tcoeGITRepo\robotFramework\ExternalLibs
2019-03-13 12:37:25,603 INFO o.a.j.JMeter: IP: 10.224.6.197 Name: PLWROW9JG236M2 FullName: PLWROW9JG236M2.vcn.ds.volvo.net
2019-03-13 12:37:26,318 INFO o.a.j.g.a.LookAndFeelCommand: Installing Darcula LAF
2019-03-13 12:37:26,334 INFO o.a.j.g.a.LookAndFeelCommand: Using look and feel: com.bulenkov.darcula.DarculaLaf [Darcula]
2019-03-13 12:37:26,334 INFO o.a.j.JMeter: Setting LAF to: com.bulenkov.darcula.DarculaLaf
2019-03-13 12:37:26,393 INFO o.a.j.JMeter: Loaded icon properties from org/apache/jmeter/images/icon.properties
2019-03-13 12:37:26,924 INFO o.a.j.e.u.CompoundVariable: Note: Function class names must contain the string: '.functions.'
2019-03-13 12:37:26,924 INFO o.a.j.e.u.CompoundVariable: Note: Function class names must not contain the string: '.gui.'
2019-03-13 12:37:28,291 INFO o.a.j.p.h.s.HTTPSamplerBase: Parser for text/html is org.apache.jmeter.protocol.http.parser.LagartoBasedHtmlParser
2019-03-13 12:37:28,291 INFO o.a.j.p.h.s.HTTPSamplerBase: Parser for application/xhtml+xml is org.apache.jmeter.protocol.http.parser.LagartoBasedHtmlParser
2019-03-13 12:37:28,291 INFO o.a.j.p.h.s.HTTPSamplerBase: Parser for application/xml is org.apache.jmeter.protocol.http.parser.LagartoBasedHtmlParser
2019-03-13 12:37:28,292 INFO o.a.j.p.h.s.HTTPSamplerBase: Parser for text/xml is org.apache.jmeter.protocol.http.parser.LagartoBasedHtmlParser
2019-03-13 12:37:28,292 INFO o.a.j.p.h.s.HTTPSamplerBase: Parser for text/vnd.wap.wml is org.apache.jmeter.protocol.http.parser.RegexpHTMLParser
2019-03-13 12:37:28,292 INFO o.a.j.p.h.s.HTTPSamplerBase: Parser for text/css is org.apache.jmeter.protocol.http.parser.CssParser
2019-03-13 12:37:28,970 INFO o.a.j.e.KeyToolUtils: keytool found at 'keytool'
2019-03-13 12:37:28,971 INFO o.a.j.p.h.p.ProxyControl: HTTP(S) Test Script Recorder SSL Proxy will use keys that support embedded 3rd party resources in file C:\jmeter\apache-jmeter-5.1\bin\proxyserver.jks
2019-03-13 12:37:29,131 INFO o.a.j.s.FileServer: Default base='c:\tcoeGITRepo\robotFramework\ExternalLibs'
2019-03-13 12:37:31,264 INFO o.a.j.s.SampleResult: Note: Sample TimeStamps are START times
2019-03-13 12:37:31,264 INFO o.a.j.s.SampleResult: sampleresult.default.encoding is set to ISO-8859-1
2019-03-13 12:37:31,264 INFO o.a.j.s.SampleResult: sampleresult.useNanoTime=true
2019-03-13 12:37:31,264 INFO o.a.j.s.SampleResult: sampleresult.nanoThreadSleep=5000
